commit 9793813eec7de9503eb8e3307de78c0f926bd856
Merge: 30cbfbf a6c09b1
Author: ChristianGil <cmg580@utexas.edu>
Date:   Sun Mar 24 21:33:10 2019 -0500

    Merge branch 'dev_phase1' of https://gitlab.com/ChristianGil/cs329e-idb into dev_phase1

commit 30cbfbf19917fbb331bb5a21583c9164d1a223d5
Author: ChristianGil <cmg580@utexas.edu>
Date:   Sun Mar 24 21:33:06 2019 -0500

    Removed some old images. Updated Log and app.yaml

commit a6c09b100af7c12b6ad1288316d86c998a94bfa9
Merge: 41b5611 30204ec
Author: Katelynn19 <kwhittington19@utexas.edu>
Date:   Sun Mar 24 21:05:47 2019 -0500

    Merge branch 'dev_phase1' of https://gitlab.com/ChristianGil/cs329e-idb into dev_phase1

commit 41b5611e88d48ef5e23035b90a2208c2aa66b0db
Author: Katelynn19 <kwhittington19@utexas.edu>
Date:   Sun Mar 24 21:05:41 2019 -0500

    updated katelynn's about info on the about page

commit 30204ecdbd698bc64909311295525d586557758f
Author: Daniel Noble <daniel.noble@utexas.edu>
Date:   Sun Mar 24 20:52:47 2019 -0500

    Formatted information for queer dance party show page

commit 4b6d1aa625954391c31953270161d10ae920ca43
Author: Daniel Noble <daniel.noble@utexas.edu>
Date:   Sun Mar 24 20:51:48 2019 -0500

    Changes to shows

commit b8db9598dac8ab7ee8e6ba8cb0e004af258483c0
Merge: 996e1f3 6a36237
Author: Daniel Noble <daniel.noble@utexas.edu>
Date:   Sun Mar 24 20:49:45 2019 -0500

    Merge branch 'dev_phase1' of https://gitlab.com/ChristianGil/cs329e-idb into dev_phase1

commit 6a36237a93fef7c927600d319dceb77019e7610b
Author: Adriana Cardenas <adri.cardenas@utexas.edu>
Date:   Sun Mar 24 20:50:05 2019 -0500

    changes to venue pages

commit 996e1f3f2986be01cac8382328b7b55b5506807d
Author: Daniel Noble <daniel.noble@utexas.edu>
Date:   Sun Mar 24 20:49:32 2019 -0500

    Formatted clusterfunk ep release page

commit a4b6e044a02c58a162e8139d9ea90b48b3f95a11
Merge: 53ebc83 854d8de
Author: Katelynn19 <kwhittington19@utexas.edu>
Date:   Sun Mar 24 20:28:48 2019 -0500

    Merge branch 'dev_phase1' of https://gitlab.com/ChristianGil/cs329e-idb into dev_phase1

commit 53ebc835fe4de57a3f442e94220becc128183146
Author: Katelynn19 <kwhittington19@utexas.edu>
Date:   Sun Mar 24 20:28:32 2019 -0500

    added sortable tables

commit 854d8de9ad81adc79ce38e3e818e57dfa7b34082
Author: Daniel Noble <daniel.noble@utexas.edu>
Date:   Sun Mar 24 20:25:23 2019 -0500

    Added formatting for an artist page

commit 51cfa881736cb6ac142c2f8f9e93b5e268cdd4a0
Merge: a07a711 21a0f3b
Author: Adriana Cardenas <adri.cardenas@utexas.edu>
Date:   Sun Mar 24 20:24:09 2019 -0500

    Merge branch 'dev_phase1' of https://gitlab.com/ChristianGil/cs329e-idb into dev_phase1

commit a07a7113b6f2bb72e29e708bde6665192d06b626
Author: Adriana Cardenas <adri.cardenas@utexas.edu>
Date:   Sun Mar 24 20:22:50 2019 -0500

    about page fixes

commit 21a0f3ba80022222e957c71cdc901283a59329cd
Author: Daniel Noble <daniel.noble@utexas.edu>
Date:   Sun Mar 24 20:16:42 2019 -0500

    Updated explosions in the sky page format

commit d55d33c3a41c0226032d4665ffe0253cdc992280
Merge: a43efc2 54135c7
Author: Daniel Noble <daniel.noble@utexas.edu>
Date:   Sun Mar 24 20:00:16 2019 -0500

    Merge branch 'dev_phase1' of https://gitlab.com/ChristianGil/cs329e-idb into dev_phase1

commit a43efc2cf8bbf895a5d78a55284cde2d2ee71d84
Author: Daniel Noble <daniel.noble@utexas.edu>
Date:   Sun Mar 24 19:50:41 2019 -0500

    Formatted the artists page

commit 54135c7601557558d03a03d1b3587850f0aaafe5
Merge: c1aa8e4 397446c
Author: Katelynn19 <kwhittington19@utexas.edu>
Date:   Sun Mar 24 19:08:02 2019 -0500

    Merge branch 'dev_phase1' of https://gitlab.com/ChristianGil/cs329e-idb into dev_phase1

commit 397446c57d0d3def9af73b875b92c055491aa4d8
Author: ChristianGil <cmg580@utexas.edu>
Date:   Sun Mar 24 18:07:53 2019 -0500

    restored accidentally delted venues.html

commit 0d7828549d3419555b300c67902f2ffe7a6a8fde
Author: ChristianGil <cmg580@utexas.edu>
Date:   Sun Mar 24 18:06:48 2019 -0500

    restored accidentally deleted artists.html

commit 05eabe8e0fe434905a055c41f55ed1dd559bfeae
Merge: 48de8a0 206501e
Author: ChristianGil <cmg580@utexas.edu>
Date:   Sun Mar 24 17:55:02 2019 -0500

    Merge branch 'dev_phase1' of https://gitlab.com/ChristianGil/cs329e-idb into dev_phase1

commit 48de8a0e04a20e7750ec9d8c798702f6aa9f2a0a
Author: ChristianGil <cmg580@utexas.edu>
Date:   Sun Mar 24 17:54:53 2019 -0500

    Embedded Google Maps. Fixed external link opening

commit 206501ed29492dc1356e3efd240b9dab05ea7ffd
Author: Daniel Noble <daniel.noble@utexas.edu>
Date:   Sun Mar 24 17:39:54 2019 -0500

    Added about info for Daniel

commit 816c777c95d1bac860201e1547528354710e6092
Author: ChristianGil <cmg580@utexas.edu>
Date:   Sun Mar 24 17:10:52 2019 -0500

    Added linkable content. Fixed base.html bug.

commit 5c0804bf128dda183712dc2d6530937b6c6ec9bb
Author: ChristianGil <cmg580@utexas.edu>
Date:   Sun Mar 24 16:38:51 2019 -0500

    Fixed messed up code from bootstrap correction

commit 941d6fdd5e8759f766ed0528b042b029cc58e9c2
Author: ChristianGil <cmg580@utexas.edu>
Date:   Sun Mar 24 16:26:14 2019 -0500

    Cleaned up About Page.

commit 976c4fa280ac816a2efae87c697c34ac0bac516e
Author: ChristianGil <cmg580@utexas.edu>
Date:   Sun Mar 24 15:33:35 2019 -0500

    Bootstrap no longer overriding main.css

commit 89d802c601b8ed6af3557ee70b265b06501b8a35
Author: ChristianGil <cmg580@utexas.edu>
Date:   Sun Mar 24 14:25:03 2019 -0500

    Small Changes to homepage. Cursive Text. Fit image

commit 303ca9edb2ef1369f47a0edfb6229eaca61ad726
Author: ChristianGil <cmg580@utexas.edu>
Date:   Sun Mar 24 13:54:29 2019 -0500

    Added in Navbar Highlighting on active page

commit 5a46d0d64ec869b2ca9b4fc288cd0b3824ea3f62
Author: ChristianGil <cmg580@utexas.edu>
Date:   Sun Mar 24 12:54:26 2019 -0500

    Added in Google Cloud Compatability

commit c1aa8e409651a2125935e9608f9d97c60e5abc75
Merge: d108302 62dda5f
Author: Katelynn19 <kwhittington19@utexas.edu>
Date:   Sat Mar 23 20:33:57 2019 -0500

    Merge branch 'master' into dev_phase1
    solve merge conflicts before merging to master

commit d108302142e80eca8f74de99d1988d8c2dcc83cc
Author: Katelynn19 <kwhittington19@utexas.edu>
Date:   Sat Mar 23 20:28:15 2019 -0500

    fixed ticket link for clusterfunk

commit 89f11d9cf86f93438175ce7953ec42edff19e19e
Author: Katelynn19 <kwhittington19@utexas.edu>
Date:   Sat Mar 23 20:19:36 2019 -0500

    added links for tickets if necessary

commit bd9b88f1911da5db6b9c7b2769c7d4b1cd4e1b3b
Author: Katelynn19 <kwhittington19@utexas.edu>
Date:   Sat Mar 23 20:12:07 2019 -0500

    updated show pages w/ links,info

commit a5196af5f67d1a0ee384b95929b277ca286a4052
Author: Katelynn19 <kwhittington19@utexas.edu>
Date:   Sat Mar 23 19:37:34 2019 -0500

    added upcoming shows to venue pages

commit 25884a5534fc16319057a72304689a705b0d6e16
Author: Kevin Han <kevinhan007@gmail.com>
Date:   Sat Mar 23 19:09:14 2019 -0500

    Added Clusterfunk EP Release and Drip Drop IV show html and added url linkage to corresponding pages

commit d1c748b309aa840bbdf6bef7bd05c11fd03b1188
Author: Kevin Han <kevinhan007@gmail.com>
Date:   Sat Mar 23 18:59:53 2019 -0500

    Added Queer Dance Party show html and added url linkage to corresponding pages

commit 6c732329c022afae8ebd417aaa7810c0970fdb6d
Author: Katelynn19 <kwhittington19@utexas.edu>
Date:   Sat Mar 23 18:47:11 2019 -0500

    updated shows page

commit 4e6a2e67a71f45cbf716b51b4fb62e701e396b0f
Author: Kevin Han <kevinhan007@gmail.com>
Date:   Sat Mar 23 17:44:55 2019 -0500

    updated information about cheer up charlies

commit 37fddb0b51823415782d4d408e5112e0172d8fdd
Merge: 16561eb d9c77ec
Author: Katelynn19 <kwhittington19@utexas.edu>
Date:   Sat Mar 23 17:22:19 2019 -0500

    updated empire page

commit 16561ebf7bf8f6c1376c723f283df9221de09446
Author: Katelynn19 <kwhittington19@utexas.edu>
Date:   Sat Mar 23 17:20:25 2019 -0500

    empire page updated

commit d9c77ecc8d2746330ae0e6bc22c958b9170d2d10
Author: Kevin Han <kevinhan007@gmail.com>
Date:   Sat Mar 23 17:17:46 2019 -0500

    initial template layout for empire control room

commit ee0244b46146d0f774f9efe76307af552cff2876
Author: Kevin Han <kevinhan007@gmail.com>
Date:   Sat Mar 23 16:54:08 2019 -0500

    updated mohawk venue page

commit 2258e058122f4e861bb0593990c1ee79374bcdf9
Author: Katelynn19 <kwhittington19@utexas.edu>
Date:   Sat Mar 23 16:52:37 2019 -0500

    tc superstar page updates

commit 2f1302ac379b59cc7eee4697380078bfe8d146d0
Author: Katelynn19 <kwhittington19@utexas.edu>
Date:   Sat Mar 23 16:25:56 2019 -0500

    tc superstar updated

commit af81aeb836a4085018092a63f7083eb6da60b9bc
Author: Kevin Han <kevinhan007@gmail.com>
Date:   Sat Mar 23 15:51:54 2019 -0500

    added info to octopus page and linked mohawk venue page

commit a32dbf7bd3425c93f62e57cb3db93dbd68d983e4
Author: Kevin Han <kevinhan007@gmail.com>
Date:   Sat Mar 23 15:23:28 2019 -0500

    added info for explosions_in_the_sky.html

commit 6764dd64e64f3e7046ce84b56e1c7d2198c35915
Author: Kevin Han <kevinhan007@gmail.com>
Date:   Sat Mar 23 14:19:07 2019 -0500

    added linkage between artist and explosions in the sky page

commit 3907eeebebe8b3e48af9ac0c8617fc62bd75aabf
Author: Kevin Han <kevinhan007@gmail.com>
Date:   Sat Mar 23 13:38:45 2019 -0500

    added kevin info in about page

commit d7106f7b63d96c238902c9b0ceac97d7824cc3b2
Author: Kevin Han <kevinhan007@gmail.com>
Date:   Sat Mar 23 13:33:31 2019 -0500

    add kevin photo

commit e2d39b2859b46a3b6d3cb471eb93295c1c51db66
Author: Adriana Cardenas <adri.cardenas@utexas.edu>
Date:   Fri Mar 22 09:16:52 2019 -0700

    main.py updated with url, must fill in the rest for shows

commit 62dda5f07ce320cd2d94d872f3eb46463d784e15
Merge: 9810ca2 62e1280
Author: Adriana Cardenas <adri.cardenas@utexas.edu>
Date:   Wed Mar 20 19:04:10 2019 -0500

    Merge branch 'dev_phase1'

commit 62e128006d7ecf73c8006359f0282f7a59beee5c
Author: Adriana Cardenas <adri.cardenas@utexas.edu>
Date:   Wed Mar 20 19:03:38 2019 -0500

    added views for artists, venue, and shows. added html files for all artists and venues. splash page css editing

commit 3a767b016685f9fb5d4bf9068fc0fd882b14ce6b
Author: Adriana Cardenas <adri.cardenas@utexas.edu>
Date:   Tue Mar 19 23:30:08 2019 -0500

    splash page with added section for more information, main.js

commit 9810ca2468f6ccba62b43d192824f393711d5c2d
Merge: df4e1fb f523c1c
Author: Adriana Cardenas <adri.cardenas@utexas.edu>
Date:   Tue Mar 19 14:52:56 2019 -0500

    erge branch 'master' of https://gitlab.com/ChristianGil/cs329e-idb

commit df4e1fb74404aad6c4a73ac987b923e06246502f
Author: Adriana Cardenas <adri.cardenas@utexas.edu>
Date:   Tue Mar 19 14:38:45 2019 -0500

    added about, stats, splash page

commit b07950e787a788f581b566dc7b9a087477d17709
Author: Adriana Cardenas <adri.cardenas@utexas.edu>
Date:   Mon Mar 18 01:13:01 2019 -0500

    fixed about.html, typo

commit 48b5030653d4a006454642e2a0399a3474e4e5d4
Author: Daniel Noble <daniel.noble@utexas.edu>
Date:   Mon Mar 18 00:23:41 2019 -0500

    Added skeleton html for about page

commit a174f85978c83eac3efb6b960b7d555b7082bca0
Author: Adriana Cardenas <adri.cardenas@utexas.edu>
Date:   Thu Mar 14 16:29:59 2019 -0500

    models view added

commit f3ce026d6b73637a51380833112413f6a871a5f8
Author: Adriana Cardenas <adri.cardenas@utexas.edu>
Date:   Thu Mar 14 16:27:02 2019 -0500

    templates changed, flask objects in functional navbar, title containers

commit 8d2d5a38ae38a81ef560660a736a5f7452f3103e
Merge: 83b76c4 dddfced
Author: Adriana Cardenas <adri.cardenas@utexas.edu>
Date:   Thu Mar 14 15:18:41 2019 -0500

    flask formatting for templates, new template names for project theme

commit 83b76c4016c752afd672ea90e93a56a5fbbbf9c4
Author: Adriana Cardenas <adri.cardenas@utexas.edu>
Date:   Thu Mar 14 15:15:41 2019 -0500

    New website topic added, html pages modified, main.py modified for all templates, flask base.html format

commit dddfced2d26342ccff48ceef6fb93bae1d459b94
Author: Kevin Han <kevinhan007@gmail.com>
Date:   Thu Mar 14 14:29:55 2019 -0500

    Added link functionality to home and about in navigation bar

commit b8c000dfac09326e3b42fe46d771cf20a1399b0e
Author: Kevin Han <kevinhan007@gmail.com>
Date:   Thu Mar 14 14:19:45 2019 -0500

    Updated main.py and added a home html page

commit a08b7c89a00cdcaf2fb59bff7ac6bc499f0b5386
Author: Kevin Han <kevinhan007@gmail.com>
Date:   Thu Mar 14 13:53:28 2019 -0500

    Added Flask to main.py and created a home page

commit f523c1c9f0c2c83147d37ff54bcfaaf8f34c1492
Merge: f4caff4 22251b6
Author: Daniel Alejandro Noble Hernandez <daniel.noble@utexas.edu>
Date:   Wed Mar 13 01:10:44 2019 +0000

    Merge branch 'dev_phase1' into 'master'
    
    First Merge: No True work done
    
    Closes #1 and #2
    
    See merge request ChristianGil/cs329e-idb!1

commit 22251b64e3ca64bdb244428fe2619328ac88ff27
Author: Adriana Cardenas <adri.cardenas@utexas.edu>
Date:   Tue Mar 12 19:21:01 2019 -0500

    templates updated, main.css added to static, bootstrap added. MUST create base.html

commit afe15ba9ee7a30bd23ca8bf397549878c0113a68
Author: ChristianGil <cmg580@utexas.edu>
Date:   Tue Mar 12 14:56:56 2019 -0500

    Renamed GitLab CI name. Attempt to remove .vscode

commit 020524f507d8f9df4e0e592552542212c18506f2
Author: ChristianGil <cmg580@utexas.edu>
Date:   Tue Mar 12 14:53:41 2019 -0500

    Close #2. Modified Test file to work with us.

commit de95b81739e299d07180d387a86f0a17fcc3d6b6
Author: ChristianGil <cmg580@utexas.edu>
Date:   Tue Mar 12 13:49:34 2019 -0500

    Fixed Makefile. Close #1

commit 24d1ee801a45cbcfed127ae6faf375877dba45d4
Author: ChristianGil <cmg580@utexas.edu>
Date:   Tue Mar 12 13:33:02 2019 -0500

    made html files more flexable. added to gitignore.

commit d6ded9ebf94d1ef7a7a381ed56a2098a49452267
Author: ChristianGil <cmg580@utexas.edu>
Date:   Tue Mar 12 13:16:15 2019 -0500

    Removed venv and added it to .gitignore

commit 45794de16e9924417be7ed174376f6edaa65be40
Author: Adriana Cardenas <adri.cardenas@utexas.edu>
Date:   Tue Mar 12 12:30:45 2019 -0500

    views.py, __init__.py, HTML files added to templates file

commit 8b1f80f798a68be1d6b06a9b9b4791676f552adb
Author: ChristianGil <cmg580@utexas.edu>
Date:   Mon Mar 11 22:21:33 2019 -0500

    Updated requiements.txt for latest package versions.

commit 641083535df7f243d25f2d71f2bd0ce6750a9e0f
Author: ChristianGil <cmg580@utexas.edu>
Date:   Mon Mar 11 22:18:27 2019 -0500

    Updated GitLab CI for latest python

commit 141e3d58b7fd8ef62d0912ac33077092c366074e
Author: ChristianGil <cmg580@utexas.edu>
Date:   Mon Mar 11 22:16:21 2019 -0500

    Updated Requirements.txt to pass GitLab CI

commit ca48b54fc7b5b3f6bb66a67fbf500ee77ee82f4a
Author: ChristianGil <cmg580@utexas.edu>
Date:   Mon Mar 11 22:12:55 2019 -0500

    Added in partial requirements.txt

commit f3bcac3b9cbcf1d3a0539e848cec648682a4ad97
Author: ChristianGil <cmg580@utexas.edu>
Date:   Mon Mar 11 22:01:14 2019 -0500

    Added in compatability for Continous Integration (Netflix template).

commit 55e1c8013a09055a7b2f46651af822c9db6c6f68
Author: ChristianGil <cmg580@utexas.edu>
Date:   Mon Mar 11 21:56:52 2019 -0500

    Added In files so that subfolders show.

commit fd8dfd99744b8eb63b96ee12aded07f0b6e7ed5c
Author: ChristianGil <cmg580@utexas.edu>
Date:   Mon Mar 11 21:52:59 2019 -0500

    Added in Django like file structure

commit f4caff49e3ccd07d448e8b552347eb7f279bd05b
Author: ChristianGil <cmg580@utexas.edu>
Date:   Mon Mar 11 11:47:32 2019 -0500

    added in .gitignore

commit 3670bda279b61ea25cdcd897bab4e870785582e8
Author: Christian Gil <cmg580@utexas.edu>
Date:   Mon Mar 11 16:14:44 2019 +0000

    Initial commit
