commit 24d1ee801a45cbcfed127ae6faf375877dba45d4
Author: ChristianGil <cmg580@utexas.edu>
Date:   Tue Mar 12 13:33:02 2019 -0500

    made html files more flexable. added to gitignore.

commit d6ded9ebf94d1ef7a7a381ed56a2098a49452267
Author: ChristianGil <cmg580@utexas.edu>
Date:   Tue Mar 12 13:16:15 2019 -0500

    Removed venv and added it to .gitignore

commit 45794de16e9924417be7ed174376f6edaa65be40
Author: Adriana Cardenas <adri.cardenas@utexas.edu>
Date:   Tue Mar 12 12:30:45 2019 -0500

    views.py, __init__.py, HTML files added to templates file

commit 8b1f80f798a68be1d6b06a9b9b4791676f552adb
Author: ChristianGil <cmg580@utexas.edu>
Date:   Mon Mar 11 22:21:33 2019 -0500

    Updated requiements.txt for latest package versions.

commit 641083535df7f243d25f2d71f2bd0ce6750a9e0f
Author: ChristianGil <cmg580@utexas.edu>
Date:   Mon Mar 11 22:18:27 2019 -0500

    Updated GitLab CI for latest python

commit 141e3d58b7fd8ef62d0912ac33077092c366074e
Author: ChristianGil <cmg580@utexas.edu>
Date:   Mon Mar 11 22:16:21 2019 -0500

    Updated Requirements.txt to pass GitLab CI

commit ca48b54fc7b5b3f6bb66a67fbf500ee77ee82f4a
Author: ChristianGil <cmg580@utexas.edu>
Date:   Mon Mar 11 22:12:55 2019 -0500

    Added in partial requirements.txt

commit f3bcac3b9cbcf1d3a0539e848cec648682a4ad97
Author: ChristianGil <cmg580@utexas.edu>
Date:   Mon Mar 11 22:01:14 2019 -0500

    Added in compatability for Continous Integration (Netflix template).

commit 55e1c8013a09055a7b2f46651af822c9db6c6f68
Author: ChristianGil <cmg580@utexas.edu>
Date:   Mon Mar 11 21:56:52 2019 -0500

    Added In files so that subfolders show.

commit fd8dfd99744b8eb63b96ee12aded07f0b6e7ed5c
Author: ChristianGil <cmg580@utexas.edu>
Date:   Mon Mar 11 21:52:59 2019 -0500

    Added in Django like file structure

commit f4caff49e3ccd07d448e8b552347eb7f279bd05b
Author: ChristianGil <cmg580@utexas.edu>
Date:   Mon Mar 11 11:47:32 2019 -0500

    added in .gitignore

commit 3670bda279b61ea25cdcd897bab4e870785582e8
Author: Christian Gil <cmg580@utexas.edu>
Date:   Mon Mar 11 16:14:44 2019 +0000

    Initial commit
